1562320377103	mozrunner::runner	INFO	Running command: "C:\\Program Files (x86)\\Mozilla Firefox\\firefox.exe" "-marionette" "-foreground" "-no-remote" "-profile" "C:\\Users\\肖临风\\AppData\\Local\\Temp\\rust_mozprofile.ymRkoqqAhS2w"
1562320379662	Marionette	INFO	Listening on port 9019
1562320380324	Marionette	WARN	TLS certificate errors will be ignored for this session
[Child 24036, Chrome_ChildThread] WARNING: pipe error: 109: file z:/build/build/src/ipc/chromium/src/chrome/common/ip[Child 25684, Chrome_ChildThread] WARNING: pipe error: 109: file z:/build/build/src/ipc/chromium/src/chrome/common/ipc_channel_win.cc, line 346
[Chi[Cldhild 24284, Chrome_ChildThread] WARNING: pipe error: 109: file z:/build/build/src/ipc/chromium/src/chrome/common/ipc_channel_win.cc, line 346
[Child 24284, Chrome_ChildThrea[Child 2244, Chrome_ChildThread] WARNING: pipe error: 109: file z:/build/build/src/ipc/chromium/src/chrome/common/ipc_channel_win.cc, line 346
[Child 2244, Ch*** UTM:SVC TimerManager:registerTimer called after profile-before-change notification. Ignoring timer registration for id: telemetry_modules_ping
[GPU 22172, Chr
###!!! [Child][MessageChannel::SendAndWait] Error: Channel error: cannot send/recv

l error: cannot send/recv

dThread] WARNING: pipe [GPU 22724, Chrome_ChildThread] WARNING: pipe error: 109: file z:/build/build/src/ipc/chromium/src/chrome/common/ipc_channel
###!!! [Child][MessageChannel::SendAndWait] Error: Channel error: cannot send/recv

] Error: Channel error: cannot send/recv

el error: cannot send/recv

ror code!

###!!! [Parent][DispatchAsyncMessage] Error: PLayerTransaction::Msg_ReleaseLayer Processing error: message was deserialized, but the handler returned false (indicating failure)

IPDL protocol error: Handler returned error code!

###!!! [Parent][DispatchAsyncMessage] Error: PLayerTransaction::Msg_ReleaseLayer Processing error: message was deserialized, but the handler returned false (indicating failure)

console.error: "Protocol error (noSuchActor): No such actor for ID: server1.conn0.child1/highlighter40"
[[Child 11952, Chrome_ChildThread] WARNING: pipe error: 109: file z:/build/build/src/ipc/chromium/src/chrome/common/ipc_channel_win.cc, line 346
[Child 11952,[Child 14684, Chrome_ChildThread] WARNING: pipe error: 109: file z:/build/build/src/ipc/chromium/src/chrome/common/ipc_channel_win.cc, line 346
[Child 14684, [GPU 8284
###!!! [Child][MessageChannel::SendAndWait] Error: Channel error: cannot send/recv

source://devtools/shared/transport/transport.js :: send :: line 775\"  data: no]: send@resource://devtools/shared/base-loader.js -> resource://devtools/shared/transport/transport.js:775:9\nsend@resource://devtools/shared/base-loader.js -> resource://devtools/server/main.js:1476:5\n_sendEvent@resource://devtools/shared/base-loader.js -> resource://devtools/shared/protocol.js:984:5\nActor/<@resource://devtools/shared/base-loader.js -> resource://devtools/shared/protocol.js:958:40\nemit@resource://devtools/shared/base-loader.js -> resource://devtools/shared/event-emitter.js:178:37\nemit@resource://devtools/shared/base-loader.js -> resource://devtools/shared/event-emitter.js:255:29\n_emitNewMutations@resource://devtools/shared/base-loader.js -> resource://devtools/server/actors/inspector/walker.js:1596:5\nthrottle/<@resource://devtools/shared/base-loader.js -> resource://devtools/shared/throttle.js:45:16\nqueueMutation@resource://devtools/shared/base-loader.js -> resource://devtools/server/actors/inspector/walker.js:1579:7\nonMutations@resource://devtools/shared/base-loader.js -> resource://devtools/server/actors/inspector/walker.js:1672:7\n"
[Exception... "Unexpected error"  nsresult: "0x8000ffff (NS_ERROR_UNEXPECTED)"  location: "JS frame :: resource://devtools/shared/base-loader.js -> resource://devtools/shared/transport/transport.js :: send :: line 775"  data: no]: send@resource://devtools/shared/base-loader.js -> resource://devtools/shared/transport/transport.js:775:9
send@resource://devtools/shared/base-loader.js -> resource://devtools/server/main.js:1476:5
_sendEvent@resource://devtools/shared/base-loader.js -> resource://devtools/shared/protocol.js:984:5
Actor/<@resource://devtools/shared/base-loader.js -> resource://devtools/shared/protocol.js:958:40
emit@resource://devtools/shared/base-loader.js -> resource://devtools/shared/event-emitter.js:178:37
emit@resource://devtools/shared/base-loader.js -> resource://devtools/shared/event-emitter.js:255:29
_emitNewMutations@resource://devtools/shared/base-loader.js -> resource://devtools/server/actors/inspector/walker.js:1596:5
throttle/<@resource://devtools/shared/base-loader.js -> resource://devtools/shared/throttle.js:45:16
queueMutation@resource://devtools/shared/base-loader.js -> resource://devtools/server/actors/inspector/walker.js:1579:7
onMutations@resource://devtools/shared/base-loader.js -> resource://devtools/server/actors/inspector/walker.js:1672:7

